<?xml version="1.0" encoding="UTF-8"?>
<testng-results skipped="0" failed="0" ignored="0" total="1" passed="1">
  <reporter-output>
  </reporter-output>
  <suite name="com.shift.Guru98.GoogleTest" duration-ms="7311" started-at="2018-09-14T22:50:20Z" finished-at="2018-09-14T22:50:28Z">
    <groups>
    </groups>
    <test name="Command line test" duration-ms="7311" started-at="2018-09-14T22:50:20Z" finished-at="2018-09-14T22:50:28Z">
      <class name="com.shift.Guru98.GoogleTest">
        <test-method status="PASS" signature="before()[pri:0, instance:com.shift.Guru98.GoogleTest@3fb6a447]" name="before" is-config="true" duration-ms="4668" started-at="2018-09-14T22:50:20Z" finished-at="2018-09-14T22:50:25Z">
          <reporter-output>
          </reporter-output>
        </test-method> <!-- before -->
        <test-method status="PASS" signature="test01()[pri:0, instance:com.shift.Guru98.GoogleTest@3fb6a447]" name="test01" duration-ms="547" started-at="2018-09-14T22:50:25Z" finished-at="2018-09-14T22:50:26Z">
          <reporter-output>
          </reporter-output>
        </test-method> <!-- test01 -->
        <test-method status="PASS" signature="teardown()[pri:0, instance:com.shift.Guru98.GoogleTest@3fb6a447]" name="teardown" is-config="true" duration-ms="2070" started-at="2018-09-14T22:50:26Z" finished-at="2018-09-14T22:50:28Z">
          <reporter-output>
          </reporter-output>
        </test-method> <!-- teardown -->
      </class> <!-- com.shift.Guru98.GoogleTest -->
    </test> <!-- Command line test -->
  </suite> <!-- com.shift.Guru98.GoogleTest -->
</testng-results>
