<?xml version="1.0" encoding="UTF-8"?>
<testng-results skipped="0" failed="0" ignored="0" total="1" passed="1">
  <reporter-output>
  </reporter-output>
  <suite name="Default suite" duration-ms="7838" started-at="2018-09-14T02:18:12Z" finished-at="2018-09-14T02:18:20Z">
    <groups>
    </groups>
    <test name="Default test" duration-ms="7838" started-at="2018-09-14T02:18:12Z" finished-at="2018-09-14T02:18:20Z">
      <class name="com.shift.Guru98.GoogleTest">
        <test-method status="PASS" signature="before()[pri:0, instance:com.shift.Guru98.GoogleTest@42d80b78]" name="before" is-config="true" duration-ms="5377" started-at="2018-09-14T02:18:12Z" finished-at="2018-09-14T02:18:17Z">
          <reporter-output>
          </reporter-output>
        </test-method> <!-- before -->
        <test-method status="PASS" signature="test01()[pri:0, instance:com.shift.Guru98.GoogleTest@42d80b78]" name="test01" duration-ms="305" started-at="2018-09-14T02:18:17Z" finished-at="2018-09-14T02:18:18Z">
          <reporter-output>
          </reporter-output>
        </test-method> <!-- test01 -->
        <test-method status="PASS" signature="teardown()[pri:0, instance:com.shift.Guru98.GoogleTest@42d80b78]" name="teardown" is-config="true" duration-ms="2125" started-at="2018-09-14T02:18:18Z" finished-at="2018-09-14T02:18:20Z">
          <reporter-output>
          </reporter-output>
        </test-method> <!-- teardown -->
      </class> <!-- com.shift.Guru98.GoogleTest -->
    </test> <!-- Default test -->
  </suite> <!-- Default suite -->
</testng-results>
